<?xml version="1.0" encoding="UTF-8"?>
<!-- Generated by org.testng.reporters.JUnitXMLReporter -->
<testsuite hostname="DESKTOP-AFCAA2G" ignored="4" name="Free CRM Application Firefox Test Cases" tests="9" failures="0" timestamp="25 Dec 2019 23:53:18 GMT" time="191.889" errors="0">
  <testcase name="loginPageTitleTest" time="0.14" classname="com.qa.TestCases.LoginPageTest"/>
  <testcase name="verifyHomePageTitleTest" time="0.038" classname="com.qa.TestCases.HomePageTest"/>
  <testcase name="verifyContactsPageLabelTest" time="0.087" classname="com.qa.TestCases.ContactsPageTest"/>
  <testcase name="loginTest" time="0.218" classname="com.qa.TestCases.LoginPageTest"/>
  <testcase name="verifyUserNameTest" time="2.032" classname="com.qa.TestCases.HomePageTest"/>
  <testcase name="validateCreateNewContactTest" time="3.465" classname="com.qa.TestCases.ContactsPageTest"/>
  <testcase name="validateCreateNewContactTest" time="2.727" classname="com.qa.TestCases.ContactsPageTest"/>
  <testcase name="validateCreateNewContactTest" time="2.712" classname="com.qa.TestCases.ContactsPageTest"/>
  <testcase name="verifyContactsLinkTest" time="1.907" classname="com.qa.TestCases.HomePageTest"/>
  <testcase name="@AfterTest endReport" time="0.0" classname="com.qa.BaseClass.TestBase">
    <ignored/>
  </testcase> <!-- @AfterTest endReport -->
  <testcase name="@AfterTest endReport" time="0.0" classname="com.qa.BaseClass.TestBase">
    <ignored/>
  </testcase> <!-- @AfterTest endReport -->
  <testcase name="@BeforeTest setExtent" time="0.0" classname="com.qa.BaseClass.TestBase">
    <ignored/>
  </testcase> <!-- @BeforeTest setExtent -->
  <testcase name="@BeforeTest setExtent" time="0.0" classname="com.qa.BaseClass.TestBase">
    <ignored/>
  </testcase> <!-- @BeforeTest setExtent -->
</testsuite> <!-- Free CRM Application Firefox Test Cases -->
